The system is: Linux - 5.4.39.mx64.334 - x86_64
Compiling the C compiler identification source file "CMakeCCompilerId.c" succeeded.
Compiler: /usr/local/package/bin/gcc11 
Build flags: 
Id flags:  

The output was:
0


Compilation of the C compiler identification source "CMakeCCompilerId.c" produced "a.out"

The C compiler identification is GNU, found in "/project/archive-index/smehringer/raptor/util/CMakeFiles/3.16.2/CompilerIdC/a.out"

Compiling the CXX compiler identification source file "CMakeCXXCompilerId.cpp" succeeded.
Compiler: /usr/local/package/bin/g++11 
Build flags: 
Id flags:  

The output was:
0


Compilation of the CXX compiler identification source "CMakeCXXCompilerId.cpp" produced "a.out"

The CXX compiler identification is GNU, found in "/project/archive-index/smehringer/raptor/util/CMakeFiles/3.16.2/CompilerIdCXX/a.out"

Determining if the C compiler works passed with the following output:
Change Dir: /project/archive-index/smehringer/raptor/util/CMakeFiles/CMakeTmp

Run Build Command(s):/usr/bin/make cmTC_124c9/fast && /usr/bin/make -f CMakeFiles/cmTC_124c9.dir/build.make CMakeFiles/cmTC_124c9.dir/build
make[1]: Entering directory '/project/archive-index/smehringer/raptor/util/CMakeFiles/CMakeTmp'
Building C object CMakeFiles/cmTC_124c9.dir/testCCompiler.c.o
/usr/local/package/bin/gcc11    -o CMakeFiles/cmTC_124c9.dir/testCCompiler.c.o   -c /project/archive-index/smehringer/raptor/util/CMakeFiles/CMakeTmp/testCCompiler.c
Linking C executable cmTC_124c9
/usr/bin/cmake -E cmake_link_script CMakeFiles/cmTC_124c9.dir/link.txt --verbose=1
/usr/local/package/bin/gcc11      CMakeFiles/cmTC_124c9.dir/testCCompiler.c.o  -o cmTC_124c9 
make[1]: Leaving directory '/project/archive-index/smehringer/raptor/util/CMakeFiles/CMakeTmp'



Detecting C compiler ABI info compiled with the following output:
Change Dir: /project/archive-index/smehringer/raptor/util/CMakeFiles/CMakeTmp

Run Build Command(s):/usr/bin/make cmTC_6a4e8/fast && /usr/bin/make -f CMakeFiles/cmTC_6a4e8.dir/build.make CMakeFiles/cmTC_6a4e8.dir/build
make[1]: Entering directory '/project/archive-index/smehringer/raptor/util/CMakeFiles/CMakeTmp'
Building C object CMakeFiles/cmTC_6a4e8.dir/CMakeCCompilerABI.c.o
/usr/local/package/bin/gcc11   -v -o CMakeFiles/cmTC_6a4e8.dir/CMakeCCompilerABI.c.o   -c /usr/share/cmake-3.16/Modules/CMakeCCompilerABI.c
Using built-in specs.
COLLECT_GCC=gcc
Target: x86_64-pc-linux-gnu
Configured with: /pkg/gcc-11.1.0-0/build/gcc-11.1.0/configure --prefix=/pkg/gcc-11.1.0-0 --enable-shared --enable-threads=posix --enable-__cxa_atexit --enable-clocale=gnu --enable-languages=c,fortran,c++,objc,obj-c++,go,lto --disable-multilib --with-system-zlib --with-diagnostics-color=auto-if-env
Thread model: posix
Supported LTO compression algorithms: zlib zstd
gcc version 11.1.0 (GCC) 
COLLECT_GCC_OPTIONS='-v' '-o' 'CMakeFiles/cmTC_6a4e8.dir/CMakeCCompilerABI.c.o' '-c' '-mtune=generic' '-march=x86-64' '-dumpdir' 'CMakeFiles/cmTC_6a4e8.dir/'
 /pkg/gcc-11.1.0-0/libexec/gcc/x86_64-pc-linux-gnu/11.1.0/cc1 -quiet -v /usr/share/cmake-3.16/Modules/CMakeCCompilerABI.c -quiet -dumpdir CMakeFiles/cmTC_6a4e8.dir/ -dumpbase CMakeCCompilerABI.c.c -dumpbase-ext .c -mtune=generic -march=x86-64 -version -o /scratch/local/cc2lEu63.s
GNU C17 (GCC) version 11.1.0 (x86_64-pc-linux-gnu)
	compiled by GNU C version 11.1.0, GMP version 6.1.2, MPFR version 4.0.2, MPC version 1.1.0, isl version none
GGC heuristics: --param ggc-min-expand=100 --param ggc-min-heapsize=131072
ignoring nonexistent directory "/pkg/gcc-11.1.0-0/lib/gcc/x86_64-pc-linux-gnu/11.1.0/../../../../x86_64-pc-linux-gnu/include"
#include "..." search starts here:
#include <...> search starts here:
 /pkg/gcc-11.1.0-0/lib/gcc/x86_64-pc-linux-gnu/11.1.0/include
 /usr/local/include
 /pkg/gcc-11.1.0-0/include
 /pkg/gcc-11.1.0-0/lib/gcc/x86_64-pc-linux-gnu/11.1.0/include-fixed
 /usr/include
End of search list.
GNU C17 (GCC) version 11.1.0 (x86_64-pc-linux-gnu)
	compiled by GNU C version 11.1.0, GMP version 6.1.2, MPFR version 4.0.2, MPC version 1.1.0, isl version none
GGC heuristics: --param ggc-min-expand=100 --param ggc-min-heapsize=131072
Compiler executable checksum: 8f74acc580d3526dc8d12c907493ff65
COLLECT_GCC_OPTIONS='-v' '-o' 'CMakeFiles/cmTC_6a4e8.dir/CMakeCCompilerABI.c.o' '-c' '-mtune=generic' '-march=x86-64' '-dumpdir' 'CMakeFiles/cmTC_6a4e8.dir/'
 as -v --64 -o CMakeFiles/cmTC_6a4e8.dir/CMakeCCompilerABI.c.o /scratch/local/cc2lEu63.s
GNU assembler version 2.37 (x86_64-pc-linux-gnu) using BFD version (GNU Binutils) 2.37
COMPILER_PATH=/pkg/gcc-11.1.0-0/libexec/gcc/x86_64-pc-linux-gnu/11.1.0/:/pkg/gcc-11.1.0-0/libexec/gcc/x86_64-pc-linux-gnu/11.1.0/:/pkg/gcc-11.1.0-0/libexec/gcc/x86_64-pc-linux-gnu/:/pkg/gcc-11.1.0-0/lib/gcc/x86_64-pc-linux-gnu/11.1.0/:/pkg/gcc-11.1.0-0/lib/gcc/x86_64-pc-linux-gnu/
LIBRARY_PATH=/pkg/gcc-11.1.0-0/lib/gcc/x86_64-pc-linux-gnu/11.1.0/:/pkg/gcc-11.1.0-0/lib/gcc/x86_64-pc-linux-gnu/11.1.0/../../../../lib64/:/lib/../lib64/:/usr/lib/../lib64/:/pkg/gcc-11.1.0-0/lib/gcc/x86_64-pc-linux-gnu/11.1.0/../../../:/lib/:/usr/lib/
COLLECT_GCC_OPTIONS='-v' '-o' 'CMakeFiles/cmTC_6a4e8.dir/CMakeCCompilerABI.c.o' '-c' '-mtune=generic' '-march=x86-64' '-dumpdir' 'CMakeFiles/cmTC_6a4e8.dir/CMakeCCompilerABI.c.'
Linking C executable cmTC_6a4e8
/usr/bin/cmake -E cmake_link_script CMakeFiles/cmTC_6a4e8.dir/link.txt --verbose=1
/usr/local/package/bin/gcc11     -v CMakeFiles/cmTC_6a4e8.dir/CMakeCCompilerABI.c.o  -o cmTC_6a4e8 
Using built-in specs.
COLLECT_GCC=gcc
COLLECT_LTO_WRAPPER=/pkg/gcc-11.1.0-0/libexec/gcc/x86_64-pc-linux-gnu/11.1.0/lto-wrapper
Target: x86_64-pc-linux-gnu
Configured with: /pkg/gcc-11.1.0-0/build/gcc-11.1.0/configure --prefix=/pkg/gcc-11.1.0-0 --enable-shared --enable-threads=posix --enable-__cxa_atexit --enable-clocale=gnu --enable-languages=c,fortran,c++,objc,obj-c++,go,lto --disable-multilib --with-system-zlib --with-diagnostics-color=auto-if-env
Thread model: posix
Supported LTO compression algorithms: zlib zstd
gcc version 11.1.0 (GCC) 
COMPILER_PATH=/pkg/gcc-11.1.0-0/libexec/gcc/x86_64-pc-linux-gnu/11.1.0/:/pkg/gcc-11.1.0-0/libexec/gcc/x86_64-pc-linux-gnu/11.1.0/:/pkg/gcc-11.1.0-0/libexec/gcc/x86_64-pc-linux-gnu/:/pkg/gcc-11.1.0-0/lib/gcc/x86_64-pc-linux-gnu/11.1.0/:/pkg/gcc-11.1.0-0/lib/gcc/x86_64-pc-linux-gnu/
LIBRARY_PATH=/pkg/gcc-11.1.0-0/lib/gcc/x86_64-pc-linux-gnu/11.1.0/:/pkg/gcc-11.1.0-0/lib/gcc/x86_64-pc-linux-gnu/11.1.0/../../../../lib64/:/lib/../lib64/:/usr/lib/../lib64/:/pkg/gcc-11.1.0-0/lib/gcc/x86_64-pc-linux-gnu/11.1.0/../../../:/lib/:/usr/lib/
COLLECT_GCC_OPTIONS='-v' '-o' 'cmTC_6a4e8' '-mtune=generic' '-march=x86-64' '-dumpdir' 'cmTC_6a4e8.'
 /pkg/gcc-11.1.0-0/libexec/gcc/x86_64-pc-linux-gnu/11.1.0/collect2 -plugin /pkg/gcc-11.1.0-0/libexec/gcc/x86_64-pc-linux-gnu/11.1.0/liblto_plugin.so -plugin-opt=/pkg/gcc-11.1.0-0/libexec/gcc/x86_64-pc-linux-gnu/11.1.0/lto-wrapper -plugin-opt=-fresolution=/scratch/local/ccX9JgMx.res -plugin-opt=-pass-through=-lgcc -plugin-opt=-pass-through=-lgcc_s -plugin-opt=-pass-through=-lc -plugin-opt=-pass-through=-lgcc -plugin-opt=-pass-through=-lgcc_s --eh-frame-hdr -m elf_x86_64 -dynamic-linker /lib64/ld-linux-x86-64.so.2 -o cmTC_6a4e8 /usr/lib/../lib64/crt1.o /usr/lib/../lib64/crti.o /pkg/gcc-11.1.0-0/lib/gcc/x86_64-pc-linux-gnu/11.1.0/crtbegin.o -L/pkg/gcc-11.1.0-0/lib/gcc/x86_64-pc-linux-gnu/11.1.0 -L/pkg/gcc-11.1.0-0/lib/gcc/x86_64-pc-linux-gnu/11.1.0/../../../../lib64 -L/lib/../lib64 -L/usr/lib/../lib64 -L/pkg/gcc-11.1.0-0/lib/gcc/x86_64-pc-linux-gnu/11.1.0/../../.. CMakeFiles/cmTC_6a4e8.dir/CMakeCCompilerABI.c.o -lgcc --push-state --as-needed -lgcc_s --pop-state -lc -lgcc --push-state --as-needed -lgcc_s --pop-state /pkg/gcc-11.1.0-0/lib/gcc/x86_64-pc-linux-gnu/11.1.0/crtend.o /usr/lib/../lib64/crtn.o
COLLECT_GCC_OPTIONS='-v' '-o' 'cmTC_6a4e8' '-mtune=generic' '-march=x86-64' '-dumpdir' 'cmTC_6a4e8.'
make[1]: Leaving directory '/project/archive-index/smehringer/raptor/util/CMakeFiles/CMakeTmp'



Parsed C implicit include dir info from above output: rv=done
  found start of include info
  found start of implicit include info
    add: [/pkg/gcc-11.1.0-0/lib/gcc/x86_64-pc-linux-gnu/11.1.0/include]
    add: [/usr/local/include]
    add: [/pkg/gcc-11.1.0-0/include]
    add: [/pkg/gcc-11.1.0-0/lib/gcc/x86_64-pc-linux-gnu/11.1.0/include-fixed]
    add: [/usr/include]
  end of search list found
  collapse include dir [/pkg/gcc-11.1.0-0/lib/gcc/x86_64-pc-linux-gnu/11.1.0/include] ==> [/pkg/gcc-11.1.0-0/lib/gcc/x86_64-pc-linux-gnu/11.1.0/include]
  collapse include dir [/usr/local/include] ==> [/usr/local/include]
  collapse include dir [/pkg/gcc-11.1.0-0/include] ==> [/pkg/gcc-11.1.0-0/include]
  collapse include dir [/pkg/gcc-11.1.0-0/lib/gcc/x86_64-pc-linux-gnu/11.1.0/include-fixed] ==> [/pkg/gcc-11.1.0-0/lib/gcc/x86_64-pc-linux-gnu/11.1.0/include-fixed]
  collapse include dir [/usr/include] ==> [/usr/include]
  implicit include dirs: [/pkg/gcc-11.1.0-0/lib/gcc/x86_64-pc-linux-gnu/11.1.0/include;/usr/local/include;/pkg/gcc-11.1.0-0/include;/pkg/gcc-11.1.0-0/lib/gcc/x86_64-pc-linux-gnu/11.1.0/include-fixed;/usr/include]


Parsed C implicit link information from above output:
  link line regex: [^( *|.*[/\])(ld|CMAKE_LINK_STARTFILE-NOTFOUND|([^/\]+-)?ld|collect2)[^/\]*( |$)]
  ignore line: [Change Dir: /project/archive-index/smehringer/raptor/util/CMakeFiles/CMakeTmp]
  ignore line: []
  ignore line: [Run Build Command(s):/usr/bin/make cmTC_6a4e8/fast && /usr/bin/make -f CMakeFiles/cmTC_6a4e8.dir/build.make CMakeFiles/cmTC_6a4e8.dir/build]
  ignore line: [make[1]: Entering directory '/project/archive-index/smehringer/raptor/util/CMakeFiles/CMakeTmp']
  ignore line: [Building C object CMakeFiles/cmTC_6a4e8.dir/CMakeCCompilerABI.c.o]
  ignore line: [/usr/local/package/bin/gcc11   -v -o CMakeFiles/cmTC_6a4e8.dir/CMakeCCompilerABI.c.o   -c /usr/share/cmake-3.16/Modules/CMakeCCompilerABI.c]
  ignore line: [Using built-in specs.]
  ignore line: [COLLECT_GCC=gcc]
  ignore line: [Target: x86_64-pc-linux-gnu]
  ignore line: [Configured with: /pkg/gcc-11.1.0-0/build/gcc-11.1.0/configure --prefix=/pkg/gcc-11.1.0-0 --enable-shared --enable-threads=posix --enable-__cxa_atexit --enable-clocale=gnu --enable-languages=c fortran c++ objc obj-c++ go lto --disable-multilib --with-system-zlib --with-diagnostics-color=auto-if-env]
  ignore line: [Thread model: posix]
  ignore line: [Supported LTO compression algorithms: zlib zstd]
  ignore line: [gcc version 11.1.0 (GCC) ]
  ignore line: [COLLECT_GCC_OPTIONS='-v' '-o' 'CMakeFiles/cmTC_6a4e8.dir/CMakeCCompilerABI.c.o' '-c' '-mtune=generic' '-march=x86-64' '-dumpdir' 'CMakeFiles/cmTC_6a4e8.dir/']
  ignore line: [ /pkg/gcc-11.1.0-0/libexec/gcc/x86_64-pc-linux-gnu/11.1.0/cc1 -quiet -v /usr/share/cmake-3.16/Modules/CMakeCCompilerABI.c -quiet -dumpdir CMakeFiles/cmTC_6a4e8.dir/ -dumpbase CMakeCCompilerABI.c.c -dumpbase-ext .c -mtune=generic -march=x86-64 -version -o /scratch/local/cc2lEu63.s]
  ignore line: [GNU C17 (GCC) version 11.1.0 (x86_64-pc-linux-gnu)]
  ignore line: [	compiled by GNU C version 11.1.0  GMP version 6.1.2  MPFR version 4.0.2  MPC version 1.1.0  isl version none]
  ignore line: [GGC heuristics: --param ggc-min-expand=100 --param ggc-min-heapsize=131072]
  ignore line: [ignoring nonexistent directory "/pkg/gcc-11.1.0-0/lib/gcc/x86_64-pc-linux-gnu/11.1.0/../../../../x86_64-pc-linux-gnu/include"]
  ignore line: [#include "..." search starts here:]
  ignore line: [#include <...> search starts here:]
  ignore line: [ /pkg/gcc-11.1.0-0/lib/gcc/x86_64-pc-linux-gnu/11.1.0/include]
  ignore line: [ /usr/local/include]
  ignore line: [ /pkg/gcc-11.1.0-0/include]
  ignore line: [ /pkg/gcc-11.1.0-0/lib/gcc/x86_64-pc-linux-gnu/11.1.0/include-fixed]
  ignore line: [ /usr/include]
  ignore line: [End of search list.]
  ignore line: [GNU C17 (GCC) version 11.1.0 (x86_64-pc-linux-gnu)]
  ignore line: [	compiled by GNU C version 11.1.0  GMP version 6.1.2  MPFR version 4.0.2  MPC version 1.1.0  isl version none]
  ignore line: [GGC heuristics: --param ggc-min-expand=100 --param ggc-min-heapsize=131072]
  ignore line: [Compiler executable checksum: 8f74acc580d3526dc8d12c907493ff65]
  ignore line: [COLLECT_GCC_OPTIONS='-v' '-o' 'CMakeFiles/cmTC_6a4e8.dir/CMakeCCompilerABI.c.o' '-c' '-mtune=generic' '-march=x86-64' '-dumpdir' 'CMakeFiles/cmTC_6a4e8.dir/']
  ignore line: [ as -v --64 -o CMakeFiles/cmTC_6a4e8.dir/CMakeCCompilerABI.c.o /scratch/local/cc2lEu63.s]
  ignore line: [GNU assembler version 2.37 (x86_64-pc-linux-gnu) using BFD version (GNU Binutils) 2.37]
  ignore line: [COMPILER_PATH=/pkg/gcc-11.1.0-0/libexec/gcc/x86_64-pc-linux-gnu/11.1.0/:/pkg/gcc-11.1.0-0/libexec/gcc/x86_64-pc-linux-gnu/11.1.0/:/pkg/gcc-11.1.0-0/libexec/gcc/x86_64-pc-linux-gnu/:/pkg/gcc-11.1.0-0/lib/gcc/x86_64-pc-linux-gnu/11.1.0/:/pkg/gcc-11.1.0-0/lib/gcc/x86_64-pc-linux-gnu/]
  ignore line: [LIBRARY_PATH=/pkg/gcc-11.1.0-0/lib/gcc/x86_64-pc-linux-gnu/11.1.0/:/pkg/gcc-11.1.0-0/lib/gcc/x86_64-pc-linux-gnu/11.1.0/../../../../lib64/:/lib/../lib64/:/usr/lib/../lib64/:/pkg/gcc-11.1.0-0/lib/gcc/x86_64-pc-linux-gnu/11.1.0/../../../:/lib/:/usr/lib/]
  ignore line: [COLLECT_GCC_OPTIONS='-v' '-o' 'CMakeFiles/cmTC_6a4e8.dir/CMakeCCompilerABI.c.o' '-c' '-mtune=generic' '-march=x86-64' '-dumpdir' 'CMakeFiles/cmTC_6a4e8.dir/CMakeCCompilerABI.c.']
  ignore line: [Linking C executable cmTC_6a4e8]
  ignore line: [/usr/bin/cmake -E cmake_link_script CMakeFiles/cmTC_6a4e8.dir/link.txt --verbose=1]
  ignore line: [/usr/local/package/bin/gcc11     -v CMakeFiles/cmTC_6a4e8.dir/CMakeCCompilerABI.c.o  -o cmTC_6a4e8 ]
  ignore line: [Using built-in specs.]
  ignore line: [COLLECT_GCC=gcc]
  ignore line: [COLLECT_LTO_WRAPPER=/pkg/gcc-11.1.0-0/libexec/gcc/x86_64-pc-linux-gnu/11.1.0/lto-wrapper]
  ignore line: [Target: x86_64-pc-linux-gnu]
  ignore line: [Configured with: /pkg/gcc-11.1.0-0/build/gcc-11.1.0/configure --prefix=/pkg/gcc-11.1.0-0 --enable-shared --enable-threads=posix --enable-__cxa_atexit --enable-clocale=gnu --enable-languages=c fortran c++ objc obj-c++ go lto --disable-multilib --with-system-zlib --with-diagnostics-color=auto-if-env]
  ignore line: [Thread model: posix]
  ignore line: [Supported LTO compression algorithms: zlib zstd]
  ignore line: [gcc version 11.1.0 (GCC) ]
  ignore line: [COMPILER_PATH=/pkg/gcc-11.1.0-0/libexec/gcc/x86_64-pc-linux-gnu/11.1.0/:/pkg/gcc-11.1.0-0/libexec/gcc/x86_64-pc-linux-gnu/11.1.0/:/pkg/gcc-11.1.0-0/libexec/gcc/x86_64-pc-linux-gnu/:/pkg/gcc-11.1.0-0/lib/gcc/x86_64-pc-linux-gnu/11.1.0/:/pkg/gcc-11.1.0-0/lib/gcc/x86_64-pc-linux-gnu/]
  ignore line: [LIBRARY_PATH=/pkg/gcc-11.1.0-0/lib/gcc/x86_64-pc-linux-gnu/11.1.0/:/pkg/gcc-11.1.0-0/lib/gcc/x86_64-pc-linux-gnu/11.1.0/../../../../lib64/:/lib/../lib64/:/usr/lib/../lib64/:/pkg/gcc-11.1.0-0/lib/gcc/x86_64-pc-linux-gnu/11.1.0/../../../:/lib/:/usr/lib/]
  ignore line: [COLLECT_GCC_OPTIONS='-v' '-o' 'cmTC_6a4e8' '-mtune=generic' '-march=x86-64' '-dumpdir' 'cmTC_6a4e8.']
  link line: [ /pkg/gcc-11.1.0-0/libexec/gcc/x86_64-pc-linux-gnu/11.1.0/collect2 -plugin /pkg/gcc-11.1.0-0/libexec/gcc/x86_64-pc-linux-gnu/11.1.0/liblto_plugin.so -plugin-opt=/pkg/gcc-11.1.0-0/libexec/gcc/x86_64-pc-linux-gnu/11.1.0/lto-wrapper -plugin-opt=-fresolution=/scratch/local/ccX9JgMx.res -plugin-opt=-pass-through=-lgcc -plugin-opt=-pass-through=-lgcc_s -plugin-opt=-pass-through=-lc -plugin-opt=-pass-through=-lgcc -plugin-opt=-pass-through=-lgcc_s --eh-frame-hdr -m elf_x86_64 -dynamic-linker /lib64/ld-linux-x86-64.so.2 -o cmTC_6a4e8 /usr/lib/../lib64/crt1.o /usr/lib/../lib64/crti.o /pkg/gcc-11.1.0-0/lib/gcc/x86_64-pc-linux-gnu/11.1.0/crtbegin.o -L/pkg/gcc-11.1.0-0/lib/gcc/x86_64-pc-linux-gnu/11.1.0 -L/pkg/gcc-11.1.0-0/lib/gcc/x86_64-pc-linux-gnu/11.1.0/../../../../lib64 -L/lib/../lib64 -L/usr/lib/../lib64 -L/pkg/gcc-11.1.0-0/lib/gcc/x86_64-pc-linux-gnu/11.1.0/../../.. CMakeFiles/cmTC_6a4e8.dir/CMakeCCompilerABI.c.o -lgcc --push-state --as-needed -lgcc_s --pop-state -lc -lgcc --push-state --as-needed -lgcc_s --pop-state /pkg/gcc-11.1.0-0/lib/gcc/x86_64-pc-linux-gnu/11.1.0/crtend.o /usr/lib/../lib64/crtn.o]
    arg [/pkg/gcc-11.1.0-0/libexec/gcc/x86_64-pc-linux-gnu/11.1.0/collect2] ==> ignore
    arg [-plugin] ==> ignore
    arg [/pkg/gcc-11.1.0-0/libexec/gcc/x86_64-pc-linux-gnu/11.1.0/liblto_plugin.so] ==> ignore
    arg [-plugin-opt=/pkg/gcc-11.1.0-0/libexec/gcc/x86_64-pc-linux-gnu/11.1.0/lto-wrapper] ==> ignore
    arg [-plugin-opt=-fresolution=/scratch/local/ccX9JgMx.res] ==> ignore
    arg [-plugin-opt=-pass-through=-lgcc] ==> ignore
    arg [-plugin-opt=-pass-through=-lgcc_s] ==> ignore
    arg [-plugin-opt=-pass-through=-lc] ==> ignore
    arg [-plugin-opt=-pass-through=-lgcc] ==> ignore
    arg [-plugin-opt=-pass-through=-lgcc_s] ==> ignore
    arg [--eh-frame-hdr] ==> ignore
    arg [-m] ==> ignore
    arg [elf_x86_64] ==> ignore
    arg [-dynamic-linker] ==> ignore
    arg [/lib64/ld-linux-x86-64.so.2] ==> ignore
    arg [-o] ==> ignore
    arg [cmTC_6a4e8] ==> ignore
    arg [/usr/lib/../lib64/crt1.o] ==> ignore
    arg [/usr/lib/../lib64/crti.o] ==> ignore
    arg [/pkg/gcc-11.1.0-0/lib/gcc/x86_64-pc-linux-gnu/11.1.0/crtbegin.o] ==> ignore
    arg [-L/pkg/gcc-11.1.0-0/lib/gcc/x86_64-pc-linux-gnu/11.1.0] ==> dir [/pkg/gcc-11.1.0-0/lib/gcc/x86_64-pc-linux-gnu/11.1.0]
    arg [-L/pkg/gcc-11.1.0-0/lib/gcc/x86_64-pc-linux-gnu/11.1.0/../../../../lib64] ==> dir [/pkg/gcc-11.1.0-0/lib/gcc/x86_64-pc-linux-gnu/11.1.0/../../../../lib64]
    arg [-L/lib/../lib64] ==> dir [/lib/../lib64]
    arg [-L/usr/lib/../lib64] ==> dir [/usr/lib/../lib64]
    arg [-L/pkg/gcc-11.1.0-0/lib/gcc/x86_64-pc-linux-gnu/11.1.0/../../..] ==> dir [/pkg/gcc-11.1.0-0/lib/gcc/x86_64-pc-linux-gnu/11.1.0/../../..]
    arg [CMakeFiles/cmTC_6a4e8.dir/CMakeCCompilerABI.c.o] ==> ignore
    arg [-lgcc] ==> lib [gcc]
    arg [--push-state] ==> ignore
    arg [--as-needed] ==> ignore
    arg [-lgcc_s] ==> lib [gcc_s]
    arg [--pop-state] ==> ignore
    arg [-lc] ==> lib [c]
    arg [-lgcc] ==> lib [gcc]
    arg [--push-state] ==> ignore
    arg [--as-needed] ==> ignore
    arg [-lgcc_s] ==> lib [gcc_s]
    arg [--pop-state] ==> ignore
    arg [/pkg/gcc-11.1.0-0/lib/gcc/x86_64-pc-linux-gnu/11.1.0/crtend.o] ==> ignore
    arg [/usr/lib/../lib64/crtn.o] ==> ignore
  collapse library dir [/pkg/gcc-11.1.0-0/lib/gcc/x86_64-pc-linux-gnu/11.1.0] ==> [/pkg/gcc-11.1.0-0/lib/gcc/x86_64-pc-linux-gnu/11.1.0]
  collapse library dir [/pkg/gcc-11.1.0-0/lib/gcc/x86_64-pc-linux-gnu/11.1.0/../../../../lib64] ==> [/pkg/gcc-11.1.0-0/lib64]
  collapse library dir [/lib/../lib64] ==> [/lib64]
  collapse library dir [/usr/lib/../lib64] ==> [/usr/lib64]
  collapse library dir [/pkg/gcc-11.1.0-0/lib/gcc/x86_64-pc-linux-gnu/11.1.0/../../..] ==> [/pkg/gcc-11.1.0-0/lib]
  implicit libs: [gcc;gcc_s;c;gcc;gcc_s]
  implicit dirs: [/pkg/gcc-11.1.0-0/lib/gcc/x86_64-pc-linux-gnu/11.1.0;/pkg/gcc-11.1.0-0/lib64;/lib64;/usr/lib64;/pkg/gcc-11.1.0-0/lib]
  implicit fwks: []


Determining if the CXX compiler works passed with the following output:
Change Dir: /project/archive-index/smehringer/raptor/util/CMakeFiles/CMakeTmp

Run Build Command(s):/usr/bin/make cmTC_0d9cb/fast && /usr/bin/make -f CMakeFiles/cmTC_0d9cb.dir/build.make CMakeFiles/cmTC_0d9cb.dir/build
make[1]: Entering directory '/project/archive-index/smehringer/raptor/util/CMakeFiles/CMakeTmp'
Building CXX object CMakeFiles/cmTC_0d9cb.dir/testCXXCompiler.cxx.o
/usr/local/package/bin/g++11     -o CMakeFiles/cmTC_0d9cb.dir/testCXXCompiler.cxx.o -c /project/archive-index/smehringer/raptor/util/CMakeFiles/CMakeTmp/testCXXCompiler.cxx
Linking CXX executable cmTC_0d9cb
/usr/bin/cmake -E cmake_link_script CMakeFiles/cmTC_0d9cb.dir/link.txt --verbose=1
/usr/local/package/bin/g++11       CMakeFiles/cmTC_0d9cb.dir/testCXXCompiler.cxx.o  -o cmTC_0d9cb 
make[1]: Leaving directory '/project/archive-index/smehringer/raptor/util/CMakeFiles/CMakeTmp'



Detecting CXX compiler ABI info compiled with the following output:
Change Dir: /project/archive-index/smehringer/raptor/util/CMakeFiles/CMakeTmp

Run Build Command(s):/usr/bin/make cmTC_c6a15/fast && /usr/bin/make -f CMakeFiles/cmTC_c6a15.dir/build.make CMakeFiles/cmTC_c6a15.dir/build
make[1]: Entering directory '/project/archive-index/smehringer/raptor/util/CMakeFiles/CMakeTmp'
Building CXX object CMakeFiles/cmTC_c6a15.dir/CMakeCXXCompilerABI.cpp.o
/usr/local/package/bin/g++11    -v -o CMakeFiles/cmTC_c6a15.dir/CMakeCXXCompilerABI.cpp.o -c /usr/share/cmake-3.16/Modules/CMakeCXXCompilerABI.cpp
Using built-in specs.
COLLECT_GCC=g++
Target: x86_64-pc-linux-gnu
Configured with: /pkg/gcc-11.1.0-0/build/gcc-11.1.0/configure --prefix=/pkg/gcc-11.1.0-0 --enable-shared --enable-threads=posix --enable-__cxa_atexit --enable-clocale=gnu --enable-languages=c,fortran,c++,objc,obj-c++,go,lto --disable-multilib --with-system-zlib --with-diagnostics-color=auto-if-env
Thread model: posix
Supported LTO compression algorithms: zlib zstd
gcc version 11.1.0 (GCC) 
COLLECT_GCC_OPTIONS='-v' '-o' 'CMakeFiles/cmTC_c6a15.dir/CMakeCXXCompilerABI.cpp.o' '-c' '-shared-libgcc' '-mtune=generic' '-march=x86-64' '-dumpdir' 'CMakeFiles/cmTC_c6a15.dir/'
 /pkg/gcc-11.1.0-0/libexec/gcc/x86_64-pc-linux-gnu/11.1.0/cc1plus -quiet -v -D_GNU_SOURCE /usr/share/cmake-3.16/Modules/CMakeCXXCompilerABI.cpp -quiet -dumpdir CMakeFiles/cmTC_c6a15.dir/ -dumpbase CMakeCXXCompilerABI.cpp.cpp -dumpbase-ext .cpp -mtune=generic -march=x86-64 -version -o /scratch/local/ccqsZj1L.s
GNU C++17 (GCC) version 11.1.0 (x86_64-pc-linux-gnu)
	compiled by GNU C version 11.1.0, GMP version 6.1.2, MPFR version 4.0.2, MPC version 1.1.0, isl version none
GGC heuristics: --param ggc-min-expand=100 --param ggc-min-heapsize=131072
ignoring nonexistent directory "/pkg/gcc-11.1.0-0/lib/gcc/x86_64-pc-linux-gnu/11.1.0/../../../../x86_64-pc-linux-gnu/include"
#include "..." search starts here:
#include <...> search starts here:
 /pkg/gcc-11.1.0-0/lib/gcc/x86_64-pc-linux-gnu/11.1.0/../../../../include/c++/11.1.0
 /pkg/gcc-11.1.0-0/lib/gcc/x86_64-pc-linux-gnu/11.1.0/../../../../include/c++/11.1.0/x86_64-pc-linux-gnu
 /pkg/gcc-11.1.0-0/lib/gcc/x86_64-pc-linux-gnu/11.1.0/../../../../include/c++/11.1.0/backward
 /pkg/gcc-11.1.0-0/lib/gcc/x86_64-pc-linux-gnu/11.1.0/include
 /usr/local/include
 /pkg/gcc-11.1.0-0/include
 /pkg/gcc-11.1.0-0/lib/gcc/x86_64-pc-linux-gnu/11.1.0/include-fixed
 /usr/include
End of search list.
GNU C++17 (GCC) version 11.1.0 (x86_64-pc-linux-gnu)
	compiled by GNU C version 11.1.0, GMP version 6.1.2, MPFR version 4.0.2, MPC version 1.1.0, isl version none
GGC heuristics: --param ggc-min-expand=100 --param ggc-min-heapsize=131072
Compiler executable checksum: ad9140f4ac832a2827434e5e9d2985d9
COLLECT_GCC_OPTIONS='-v' '-o' 'CMakeFiles/cmTC_c6a15.dir/CMakeCXXCompilerABI.cpp.o' '-c' '-shared-libgcc' '-mtune=generic' '-march=x86-64' '-dumpdir' 'CMakeFiles/cmTC_c6a15.dir/'
 as -v --64 -o CMakeFiles/cmTC_c6a15.dir/CMakeCXXCompilerABI.cpp.o /scratch/local/ccqsZj1L.s
GNU assembler version 2.37 (x86_64-pc-linux-gnu) using BFD version (GNU Binutils) 2.37
COMPILER_PATH=/pkg/gcc-11.1.0-0/libexec/gcc/x86_64-pc-linux-gnu/11.1.0/:/pkg/gcc-11.1.0-0/libexec/gcc/x86_64-pc-linux-gnu/11.1.0/:/pkg/gcc-11.1.0-0/libexec/gcc/x86_64-pc-linux-gnu/:/pkg/gcc-11.1.0-0/lib/gcc/x86_64-pc-linux-gnu/11.1.0/:/pkg/gcc-11.1.0-0/lib/gcc/x86_64-pc-linux-gnu/
LIBRARY_PATH=/pkg/gcc-11.1.0-0/lib/gcc/x86_64-pc-linux-gnu/11.1.0/:/pkg/gcc-11.1.0-0/lib/gcc/x86_64-pc-linux-gnu/11.1.0/../../../../lib64/:/lib/../lib64/:/usr/lib/../lib64/:/pkg/gcc-11.1.0-0/lib/gcc/x86_64-pc-linux-gnu/11.1.0/../../../:/lib/:/usr/lib/
COLLECT_GCC_OPTIONS='-v' '-o' 'CMakeFiles/cmTC_c6a15.dir/CMakeCXXCompilerABI.cpp.o' '-c' '-shared-libgcc' '-mtune=generic' '-march=x86-64' '-dumpdir' 'CMakeFiles/cmTC_c6a15.dir/CMakeCXXCompilerABI.cpp.'
Linking CXX executable cmTC_c6a15
/usr/bin/cmake -E cmake_link_script CMakeFiles/cmTC_c6a15.dir/link.txt --verbose=1
/usr/local/package/bin/g++11      -v CMakeFiles/cmTC_c6a15.dir/CMakeCXXCompilerABI.cpp.o  -o cmTC_c6a15 
Using built-in specs.
COLLECT_GCC=g++
COLLECT_LTO_WRAPPER=/pkg/gcc-11.1.0-0/libexec/gcc/x86_64-pc-linux-gnu/11.1.0/lto-wrapper
Target: x86_64-pc-linux-gnu
Configured with: /pkg/gcc-11.1.0-0/build/gcc-11.1.0/configure --prefix=/pkg/gcc-11.1.0-0 --enable-shared --enable-threads=posix --enable-__cxa_atexit --enable-clocale=gnu --enable-languages=c,fortran,c++,objc,obj-c++,go,lto --disable-multilib --with-system-zlib --with-diagnostics-color=auto-if-env
Thread model: posix
Supported LTO compression algorithms: zlib zstd
gcc version 11.1.0 (GCC) 
COMPILER_PATH=/pkg/gcc-11.1.0-0/libexec/gcc/x86_64-pc-linux-gnu/11.1.0/:/pkg/gcc-11.1.0-0/libexec/gcc/x86_64-pc-linux-gnu/11.1.0/:/pkg/gcc-11.1.0-0/libexec/gcc/x86_64-pc-linux-gnu/:/pkg/gcc-11.1.0-0/lib/gcc/x86_64-pc-linux-gnu/11.1.0/:/pkg/gcc-11.1.0-0/lib/gcc/x86_64-pc-linux-gnu/
LIBRARY_PATH=/pkg/gcc-11.1.0-0/lib/gcc/x86_64-pc-linux-gnu/11.1.0/:/pkg/gcc-11.1.0-0/lib/gcc/x86_64-pc-linux-gnu/11.1.0/../../../../lib64/:/lib/../lib64/:/usr/lib/../lib64/:/pkg/gcc-11.1.0-0/lib/gcc/x86_64-pc-linux-gnu/11.1.0/../../../:/lib/:/usr/lib/
COLLECT_GCC_OPTIONS='-v' '-o' 'cmTC_c6a15' '-shared-libgcc' '-mtune=generic' '-march=x86-64' '-dumpdir' 'cmTC_c6a15.'
 /pkg/gcc-11.1.0-0/libexec/gcc/x86_64-pc-linux-gnu/11.1.0/collect2 -plugin /pkg/gcc-11.1.0-0/libexec/gcc/x86_64-pc-linux-gnu/11.1.0/liblto_plugin.so -plugin-opt=/pkg/gcc-11.1.0-0/libexec/gcc/x86_64-pc-linux-gnu/11.1.0/lto-wrapper -plugin-opt=-fresolution=/scratch/local/ccd6kn32.res -plugin-opt=-pass-through=-lgcc_s -plugin-opt=-pass-through=-lgcc -plugin-opt=-pass-through=-lc -plugin-opt=-pass-through=-lgcc_s -plugin-opt=-pass-through=-lgcc --eh-frame-hdr -m elf_x86_64 -dynamic-linker /lib64/ld-linux-x86-64.so.2 -o cmTC_c6a15 /usr/lib/../lib64/crt1.o /usr/lib/../lib64/crti.o /pkg/gcc-11.1.0-0/lib/gcc/x86_64-pc-linux-gnu/11.1.0/crtbegin.o -L/pkg/gcc-11.1.0-0/lib/gcc/x86_64-pc-linux-gnu/11.1.0 -L/pkg/gcc-11.1.0-0/lib/gcc/x86_64-pc-linux-gnu/11.1.0/../../../../lib64 -L/lib/../lib64 -L/usr/lib/../lib64 -L/pkg/gcc-11.1.0-0/lib/gcc/x86_64-pc-linux-gnu/11.1.0/../../.. CMakeFiles/cmTC_c6a15.dir/CMakeCXXCompilerABI.cpp.o -lstdc++ -lm -lgcc_s -lgcc -lc -lgcc_s -lgcc /pkg/gcc-11.1.0-0/lib/gcc/x86_64-pc-linux-gnu/11.1.0/crtend.o /usr/lib/../lib64/crtn.o
COLLECT_GCC_OPTIONS='-v' '-o' 'cmTC_c6a15' '-shared-libgcc' '-mtune=generic' '-march=x86-64' '-dumpdir' 'cmTC_c6a15.'
make[1]: Leaving directory '/project/archive-index/smehringer/raptor/util/CMakeFiles/CMakeTmp'



Parsed CXX implicit include dir info from above output: rv=done
  found start of include info
  found start of implicit include info
    add: [/pkg/gcc-11.1.0-0/lib/gcc/x86_64-pc-linux-gnu/11.1.0/../../../../include/c++/11.1.0]
    add: [/pkg/gcc-11.1.0-0/lib/gcc/x86_64-pc-linux-gnu/11.1.0/../../../../include/c++/11.1.0/x86_64-pc-linux-gnu]
    add: [/pkg/gcc-11.1.0-0/lib/gcc/x86_64-pc-linux-gnu/11.1.0/../../../../include/c++/11.1.0/backward]
    add: [/pkg/gcc-11.1.0-0/lib/gcc/x86_64-pc-linux-gnu/11.1.0/include]
    add: [/usr/local/include]
    add: [/pkg/gcc-11.1.0-0/include]
    add: [/pkg/gcc-11.1.0-0/lib/gcc/x86_64-pc-linux-gnu/11.1.0/include-fixed]
    add: [/usr/include]
  end of search list found
  collapse include dir [/pkg/gcc-11.1.0-0/lib/gcc/x86_64-pc-linux-gnu/11.1.0/../../../../include/c++/11.1.0] ==> [/pkg/gcc-11.1.0-0/include/c++/11.1.0]
  collapse include dir [/pkg/gcc-11.1.0-0/lib/gcc/x86_64-pc-linux-gnu/11.1.0/../../../../include/c++/11.1.0/x86_64-pc-linux-gnu] ==> [/pkg/gcc-11.1.0-0/include/c++/11.1.0/x86_64-pc-linux-gnu]
  collapse include dir [/pkg/gcc-11.1.0-0/lib/gcc/x86_64-pc-linux-gnu/11.1.0/../../../../include/c++/11.1.0/backward] ==> [/pkg/gcc-11.1.0-0/include/c++/11.1.0/backward]
  collapse include dir [/pkg/gcc-11.1.0-0/lib/gcc/x86_64-pc-linux-gnu/11.1.0/include] ==> [/pkg/gcc-11.1.0-0/lib/gcc/x86_64-pc-linux-gnu/11.1.0/include]
  collapse include dir [/usr/local/include] ==> [/usr/local/include]
  collapse include dir [/pkg/gcc-11.1.0-0/include] ==> [/pkg/gcc-11.1.0-0/include]
  collapse include dir [/pkg/gcc-11.1.0-0/lib/gcc/x86_64-pc-linux-gnu/11.1.0/include-fixed] ==> [/pkg/gcc-11.1.0-0/lib/gcc/x86_64-pc-linux-gnu/11.1.0/include-fixed]
  collapse include dir [/usr/include] ==> [/usr/include]
  implicit include dirs: [/pkg/gcc-11.1.0-0/include/c++/11.1.0;/pkg/gcc-11.1.0-0/include/c++/11.1.0/x86_64-pc-linux-gnu;/pkg/gcc-11.1.0-0/include/c++/11.1.0/backward;/pkg/gcc-11.1.0-0/lib/gcc/x86_64-pc-linux-gnu/11.1.0/include;/usr/local/include;/pkg/gcc-11.1.0-0/include;/pkg/gcc-11.1.0-0/lib/gcc/x86_64-pc-linux-gnu/11.1.0/include-fixed;/usr/include]


Parsed CXX implicit link information from above output:
  link line regex: [^( *|.*[/\])(ld|CMAKE_LINK_STARTFILE-NOTFOUND|([^/\]+-)?ld|collect2)[^/\]*( |$)]
  ignore line: [Change Dir: /project/archive-index/smehringer/raptor/util/CMakeFiles/CMakeTmp]
  ignore line: []
  ignore line: [Run Build Command(s):/usr/bin/make cmTC_c6a15/fast && /usr/bin/make -f CMakeFiles/cmTC_c6a15.dir/build.make CMakeFiles/cmTC_c6a15.dir/build]
  ignore line: [make[1]: Entering directory '/project/archive-index/smehringer/raptor/util/CMakeFiles/CMakeTmp']
  ignore line: [Building CXX object CMakeFiles/cmTC_c6a15.dir/CMakeCXXCompilerABI.cpp.o]
  ignore line: [/usr/local/package/bin/g++11    -v -o CMakeFiles/cmTC_c6a15.dir/CMakeCXXCompilerABI.cpp.o -c /usr/share/cmake-3.16/Modules/CMakeCXXCompilerABI.cpp]
  ignore line: [Using built-in specs.]
  ignore line: [COLLECT_GCC=g++]
  ignore line: [Target: x86_64-pc-linux-gnu]
  ignore line: [Configured with: /pkg/gcc-11.1.0-0/build/gcc-11.1.0/configure --prefix=/pkg/gcc-11.1.0-0 --enable-shared --enable-threads=posix --enable-__cxa_atexit --enable-clocale=gnu --enable-languages=c fortran c++ objc obj-c++ go lto --disable-multilib --with-system-zlib --with-diagnostics-color=auto-if-env]
  ignore line: [Thread model: posix]
  ignore line: [Supported LTO compression algorithms: zlib zstd]
  ignore line: [gcc version 11.1.0 (GCC) ]
  ignore line: [COLLECT_GCC_OPTIONS='-v' '-o' 'CMakeFiles/cmTC_c6a15.dir/CMakeCXXCompilerABI.cpp.o' '-c' '-shared-libgcc' '-mtune=generic' '-march=x86-64' '-dumpdir' 'CMakeFiles/cmTC_c6a15.dir/']
  ignore line: [ /pkg/gcc-11.1.0-0/libexec/gcc/x86_64-pc-linux-gnu/11.1.0/cc1plus -quiet -v -D_GNU_SOURCE /usr/share/cmake-3.16/Modules/CMakeCXXCompilerABI.cpp -quiet -dumpdir CMakeFiles/cmTC_c6a15.dir/ -dumpbase CMakeCXXCompilerABI.cpp.cpp -dumpbase-ext .cpp -mtune=generic -march=x86-64 -version -o /scratch/local/ccqsZj1L.s]
  ignore line: [GNU C++17 (GCC) version 11.1.0 (x86_64-pc-linux-gnu)]
  ignore line: [	compiled by GNU C version 11.1.0  GMP version 6.1.2  MPFR version 4.0.2  MPC version 1.1.0  isl version none]
  ignore line: [GGC heuristics: --param ggc-min-expand=100 --param ggc-min-heapsize=131072]
  ignore line: [ignoring nonexistent directory "/pkg/gcc-11.1.0-0/lib/gcc/x86_64-pc-linux-gnu/11.1.0/../../../../x86_64-pc-linux-gnu/include"]
  ignore line: [#include "..." search starts here:]
  ignore line: [#include <...> search starts here:]
  ignore line: [ /pkg/gcc-11.1.0-0/lib/gcc/x86_64-pc-linux-gnu/11.1.0/../../../../include/c++/11.1.0]
  ignore line: [ /pkg/gcc-11.1.0-0/lib/gcc/x86_64-pc-linux-gnu/11.1.0/../../../../include/c++/11.1.0/x86_64-pc-linux-gnu]
  ignore line: [ /pkg/gcc-11.1.0-0/lib/gcc/x86_64-pc-linux-gnu/11.1.0/../../../../include/c++/11.1.0/backward]
  ignore line: [ /pkg/gcc-11.1.0-0/lib/gcc/x86_64-pc-linux-gnu/11.1.0/include]
  ignore line: [ /usr/local/include]
  ignore line: [ /pkg/gcc-11.1.0-0/include]
  ignore line: [ /pkg/gcc-11.1.0-0/lib/gcc/x86_64-pc-linux-gnu/11.1.0/include-fixed]
  ignore line: [ /usr/include]
  ignore line: [End of search list.]
  ignore line: [GNU C++17 (GCC) version 11.1.0 (x86_64-pc-linux-gnu)]
  ignore line: [	compiled by GNU C version 11.1.0  GMP version 6.1.2  MPFR version 4.0.2  MPC version 1.1.0  isl version none]
  ignore line: [GGC heuristics: --param ggc-min-expand=100 --param ggc-min-heapsize=131072]
  ignore line: [Compiler executable checksum: ad9140f4ac832a2827434e5e9d2985d9]
  ignore line: [COLLECT_GCC_OPTIONS='-v' '-o' 'CMakeFiles/cmTC_c6a15.dir/CMakeCXXCompilerABI.cpp.o' '-c' '-shared-libgcc' '-mtune=generic' '-march=x86-64' '-dumpdir' 'CMakeFiles/cmTC_c6a15.dir/']
  ignore line: [ as -v --64 -o CMakeFiles/cmTC_c6a15.dir/CMakeCXXCompilerABI.cpp.o /scratch/local/ccqsZj1L.s]
  ignore line: [GNU assembler version 2.37 (x86_64-pc-linux-gnu) using BFD version (GNU Binutils) 2.37]
  ignore line: [COMPILER_PATH=/pkg/gcc-11.1.0-0/libexec/gcc/x86_64-pc-linux-gnu/11.1.0/:/pkg/gcc-11.1.0-0/libexec/gcc/x86_64-pc-linux-gnu/11.1.0/:/pkg/gcc-11.1.0-0/libexec/gcc/x86_64-pc-linux-gnu/:/pkg/gcc-11.1.0-0/lib/gcc/x86_64-pc-linux-gnu/11.1.0/:/pkg/gcc-11.1.0-0/lib/gcc/x86_64-pc-linux-gnu/]
  ignore line: [LIBRARY_PATH=/pkg/gcc-11.1.0-0/lib/gcc/x86_64-pc-linux-gnu/11.1.0/:/pkg/gcc-11.1.0-0/lib/gcc/x86_64-pc-linux-gnu/11.1.0/../../../../lib64/:/lib/../lib64/:/usr/lib/../lib64/:/pkg/gcc-11.1.0-0/lib/gcc/x86_64-pc-linux-gnu/11.1.0/../../../:/lib/:/usr/lib/]
  ignore line: [COLLECT_GCC_OPTIONS='-v' '-o' 'CMakeFiles/cmTC_c6a15.dir/CMakeCXXCompilerABI.cpp.o' '-c' '-shared-libgcc' '-mtune=generic' '-march=x86-64' '-dumpdir' 'CMakeFiles/cmTC_c6a15.dir/CMakeCXXCompilerABI.cpp.']
  ignore line: [Linking CXX executable cmTC_c6a15]
  ignore line: [/usr/bin/cmake -E cmake_link_script CMakeFiles/cmTC_c6a15.dir/link.txt --verbose=1]
  ignore line: [/usr/local/package/bin/g++11      -v CMakeFiles/cmTC_c6a15.dir/CMakeCXXCompilerABI.cpp.o  -o cmTC_c6a15 ]
  ignore line: [Using built-in specs.]
  ignore line: [COLLECT_GCC=g++]
  ignore line: [COLLECT_LTO_WRAPPER=/pkg/gcc-11.1.0-0/libexec/gcc/x86_64-pc-linux-gnu/11.1.0/lto-wrapper]
  ignore line: [Target: x86_64-pc-linux-gnu]
  ignore line: [Configured with: /pkg/gcc-11.1.0-0/build/gcc-11.1.0/configure --prefix=/pkg/gcc-11.1.0-0 --enable-shared --enable-threads=posix --enable-__cxa_atexit --enable-clocale=gnu --enable-languages=c fortran c++ objc obj-c++ go lto --disable-multilib --with-system-zlib --with-diagnostics-color=auto-if-env]
  ignore line: [Thread model: posix]
  ignore line: [Supported LTO compression algorithms: zlib zstd]
  ignore line: [gcc version 11.1.0 (GCC) ]
  ignore line: [COMPILER_PATH=/pkg/gcc-11.1.0-0/libexec/gcc/x86_64-pc-linux-gnu/11.1.0/:/pkg/gcc-11.1.0-0/libexec/gcc/x86_64-pc-linux-gnu/11.1.0/:/pkg/gcc-11.1.0-0/libexec/gcc/x86_64-pc-linux-gnu/:/pkg/gcc-11.1.0-0/lib/gcc/x86_64-pc-linux-gnu/11.1.0/:/pkg/gcc-11.1.0-0/lib/gcc/x86_64-pc-linux-gnu/]
  ignore line: [LIBRARY_PATH=/pkg/gcc-11.1.0-0/lib/gcc/x86_64-pc-linux-gnu/11.1.0/:/pkg/gcc-11.1.0-0/lib/gcc/x86_64-pc-linux-gnu/11.1.0/../../../../lib64/:/lib/../lib64/:/usr/lib/../lib64/:/pkg/gcc-11.1.0-0/lib/gcc/x86_64-pc-linux-gnu/11.1.0/../../../:/lib/:/usr/lib/]
  ignore line: [COLLECT_GCC_OPTIONS='-v' '-o' 'cmTC_c6a15' '-shared-libgcc' '-mtune=generic' '-march=x86-64' '-dumpdir' 'cmTC_c6a15.']
  link line: [ /pkg/gcc-11.1.0-0/libexec/gcc/x86_64-pc-linux-gnu/11.1.0/collect2 -plugin /pkg/gcc-11.1.0-0/libexec/gcc/x86_64-pc-linux-gnu/11.1.0/liblto_plugin.so -plugin-opt=/pkg/gcc-11.1.0-0/libexec/gcc/x86_64-pc-linux-gnu/11.1.0/lto-wrapper -plugin-opt=-fresolution=/scratch/local/ccd6kn32.res -plugin-opt=-pass-through=-lgcc_s -plugin-opt=-pass-through=-lgcc -plugin-opt=-pass-through=-lc -plugin-opt=-pass-through=-lgcc_s -plugin-opt=-pass-through=-lgcc --eh-frame-hdr -m elf_x86_64 -dynamic-linker /lib64/ld-linux-x86-64.so.2 -o cmTC_c6a15 /usr/lib/../lib64/crt1.o /usr/lib/../lib64/crti.o /pkg/gcc-11.1.0-0/lib/gcc/x86_64-pc-linux-gnu/11.1.0/crtbegin.o -L/pkg/gcc-11.1.0-0/lib/gcc/x86_64-pc-linux-gnu/11.1.0 -L/pkg/gcc-11.1.0-0/lib/gcc/x86_64-pc-linux-gnu/11.1.0/../../../../lib64 -L/lib/../lib64 -L/usr/lib/../lib64 -L/pkg/gcc-11.1.0-0/lib/gcc/x86_64-pc-linux-gnu/11.1.0/../../.. CMakeFiles/cmTC_c6a15.dir/CMakeCXXCompilerABI.cpp.o -lstdc++ -lm -lgcc_s -lgcc -lc -lgcc_s -lgcc /pkg/gcc-11.1.0-0/lib/gcc/x86_64-pc-linux-gnu/11.1.0/crtend.o /usr/lib/../lib64/crtn.o]
    arg [/pkg/gcc-11.1.0-0/libexec/gcc/x86_64-pc-linux-gnu/11.1.0/collect2] ==> ignore
    arg [-plugin] ==> ignore
    arg [/pkg/gcc-11.1.0-0/libexec/gcc/x86_64-pc-linux-gnu/11.1.0/liblto_plugin.so] ==> ignore
    arg [-plugin-opt=/pkg/gcc-11.1.0-0/libexec/gcc/x86_64-pc-linux-gnu/11.1.0/lto-wrapper] ==> ignore
    arg [-plugin-opt=-fresolution=/scratch/local/ccd6kn32.res] ==> ignore
    arg [-plugin-opt=-pass-through=-lgcc_s] ==> ignore
    arg [-plugin-opt=-pass-through=-lgcc] ==> ignore
    arg [-plugin-opt=-pass-through=-lc] ==> ignore
    arg [-plugin-opt=-pass-through=-lgcc_s] ==> ignore
    arg [-plugin-opt=-pass-through=-lgcc] ==> ignore
    arg [--eh-frame-hdr] ==> ignore
    arg [-m] ==> ignore
    arg [elf_x86_64] ==> ignore
    arg [-dynamic-linker] ==> ignore
    arg [/lib64/ld-linux-x86-64.so.2] ==> ignore
    arg [-o] ==> ignore
    arg [cmTC_c6a15] ==> ignore
    arg [/usr/lib/../lib64/crt1.o] ==> ignore
    arg [/usr/lib/../lib64/crti.o] ==> ignore
    arg [/pkg/gcc-11.1.0-0/lib/gcc/x86_64-pc-linux-gnu/11.1.0/crtbegin.o] ==> ignore
    arg [-L/pkg/gcc-11.1.0-0/lib/gcc/x86_64-pc-linux-gnu/11.1.0] ==> dir [/pkg/gcc-11.1.0-0/lib/gcc/x86_64-pc-linux-gnu/11.1.0]
    arg [-L/pkg/gcc-11.1.0-0/lib/gcc/x86_64-pc-linux-gnu/11.1.0/../../../../lib64] ==> dir [/pkg/gcc-11.1.0-0/lib/gcc/x86_64-pc-linux-gnu/11.1.0/../../../../lib64]
    arg [-L/lib/../lib64] ==> dir [/lib/../lib64]
    arg [-L/usr/lib/../lib64] ==> dir [/usr/lib/../lib64]
    arg [-L/pkg/gcc-11.1.0-0/lib/gcc/x86_64-pc-linux-gnu/11.1.0/../../..] ==> dir [/pkg/gcc-11.1.0-0/lib/gcc/x86_64-pc-linux-gnu/11.1.0/../../..]
    arg [CMakeFiles/cmTC_c6a15.dir/CMakeCXXCompilerABI.cpp.o] ==> ignore
    arg [-lstdc++] ==> lib [stdc++]
    arg [-lm] ==> lib [m]
    arg [-lgcc_s] ==> lib [gcc_s]
    arg [-lgcc] ==> lib [gcc]
    arg [-lc] ==> lib [c]
    arg [-lgcc_s] ==> lib [gcc_s]
    arg [-lgcc] ==> lib [gcc]
    arg [/pkg/gcc-11.1.0-0/lib/gcc/x86_64-pc-linux-gnu/11.1.0/crtend.o] ==> ignore
    arg [/usr/lib/../lib64/crtn.o] ==> ignore
  collapse library dir [/pkg/gcc-11.1.0-0/lib/gcc/x86_64-pc-linux-gnu/11.1.0] ==> [/pkg/gcc-11.1.0-0/lib/gcc/x86_64-pc-linux-gnu/11.1.0]
  collapse library dir [/pkg/gcc-11.1.0-0/lib/gcc/x86_64-pc-linux-gnu/11.1.0/../../../../lib64] ==> [/pkg/gcc-11.1.0-0/lib64]
  collapse library dir [/lib/../lib64] ==> [/lib64]
  collapse library dir [/usr/lib/../lib64] ==> [/usr/lib64]
  collapse library dir [/pkg/gcc-11.1.0-0/lib/gcc/x86_64-pc-linux-gnu/11.1.0/../../..] ==> [/pkg/gcc-11.1.0-0/lib]
  implicit libs: [stdc++;m;gcc_s;gcc;c;gcc_s;gcc]
  implicit dirs: [/pkg/gcc-11.1.0-0/lib/gcc/x86_64-pc-linux-gnu/11.1.0;/pkg/gcc-11.1.0-0/lib64;/lib64;/usr/lib64;/pkg/gcc-11.1.0-0/lib]
  implicit fwks: []


Performing C++ SOURCE FILE Test CPP20_FLAG_STD20 succeeded with the following output:
Change Dir: /project/archive-index/smehringer/raptor/util/CMakeFiles/CMakeTmp

Run Build Command(s):/usr/bin/make cmTC_b5e33/fast && /usr/bin/make -f CMakeFiles/cmTC_b5e33.dir/build.make CMakeFiles/cmTC_b5e33.dir/build
make[1]: Entering directory '/project/archive-index/smehringer/raptor/util/CMakeFiles/CMakeTmp'
Building CXX object CMakeFiles/cmTC_b5e33.dir/src.cxx.o
/usr/local/package/bin/g++11   -I/project/archive-index/smehringer/raptor/lib/seqan3/include -I/project/archive-index/smehringer/raptor/util/../lib/submodules/sdsl-lite/include -I/project/archive-index/smehringer/raptor/util/../lib/submodules/range-v3/include -I/project/archive-index/smehringer/raptor/util/../lib/submodules/lemon/include -I/project/archive-index/smehringer/raptor/util/../lib/submodules/cereal/include  -DCPP20_FLAG_STD20  -std=c++20   -o CMakeFiles/cmTC_b5e33.dir/src.cxx.o -c /project/archive-index/smehringer/raptor/util/CMakeFiles/CMakeTmp/src.cxx
Linking CXX executable cmTC_b5e33
/usr/bin/cmake -E cmake_link_script CMakeFiles/cmTC_b5e33.dir/link.txt --verbose=1
/usr/local/package/bin/g++11   -DCPP20_FLAG_STD20  -std=c++20    CMakeFiles/cmTC_b5e33.dir/src.cxx.o  -o cmTC_b5e33 
make[1]: Leaving directory '/project/archive-index/smehringer/raptor/util/CMakeFiles/CMakeTmp'


Source file was:
#if !defined (__cplusplus) || (__cplusplus < 201709)
    #error NOCXX20
    #endif
    int main() {}
Performing C++ SOURCE FILE Test CONCEPTS_FLAG_STD20 succeeded with the following output:
Change Dir: /project/archive-index/smehringer/raptor/util/CMakeFiles/CMakeTmp

Run Build Command(s):/usr/bin/make cmTC_a15eb/fast && /usr/bin/make -f CMakeFiles/cmTC_a15eb.dir/build.make CMakeFiles/cmTC_a15eb.dir/build
make[1]: Entering directory '/project/archive-index/smehringer/raptor/util/CMakeFiles/CMakeTmp'
Building CXX object CMakeFiles/cmTC_a15eb.dir/src.cxx.o
/usr/local/package/bin/g++11   -I/project/archive-index/smehringer/raptor/lib/seqan3/include -I/project/archive-index/smehringer/raptor/util/../lib/submodules/sdsl-lite/include -I/project/archive-index/smehringer/raptor/util/../lib/submodules/range-v3/include -I/project/archive-index/smehringer/raptor/util/../lib/submodules/lemon/include -I/project/archive-index/smehringer/raptor/util/../lib/submodules/cereal/include  -DCONCEPTS_FLAG_STD20  -std=c++20   -o CMakeFiles/cmTC_a15eb.dir/src.cxx.o -c /project/archive-index/smehringer/raptor/util/CMakeFiles/CMakeTmp/src.cxx
Linking CXX executable cmTC_a15eb
/usr/bin/cmake -E cmake_link_script CMakeFiles/cmTC_a15eb.dir/link.txt --verbose=1
/usr/local/package/bin/g++11   -DCONCEPTS_FLAG_STD20  -std=c++20    CMakeFiles/cmTC_a15eb.dir/src.cxx.o  -o cmTC_a15eb 
make[1]: Leaving directory '/project/archive-index/smehringer/raptor/util/CMakeFiles/CMakeTmp'


Source file was:
static_assert (__cpp_concepts >= 201507);
    int main() {}
Determining if the include file pthread.h exists passed with the following output:
Change Dir: /project/archive-index/smehringer/raptor/util/CMakeFiles/CMakeTmp

Run Build Command(s):/usr/bin/make cmTC_b9edd/fast && /usr/bin/make -f CMakeFiles/cmTC_b9edd.dir/build.make CMakeFiles/cmTC_b9edd.dir/build
make[1]: Entering directory '/project/archive-index/smehringer/raptor/util/CMakeFiles/CMakeTmp'
Building C object CMakeFiles/cmTC_b9edd.dir/CheckIncludeFile.c.o
/usr/local/package/bin/gcc11  -I/project/archive-index/smehringer/raptor/lib/seqan3/include -I/project/archive-index/smehringer/raptor/util/../lib/submodules/sdsl-lite/include -I/project/archive-index/smehringer/raptor/util/../lib/submodules/range-v3/include -I/project/archive-index/smehringer/raptor/util/../lib/submodules/lemon/include -I/project/archive-index/smehringer/raptor/util/../lib/submodules/cereal/include   -o CMakeFiles/cmTC_b9edd.dir/CheckIncludeFile.c.o   -c /project/archive-index/smehringer/raptor/util/CMakeFiles/CMakeTmp/CheckIncludeFile.c
Linking C executable cmTC_b9edd
/usr/bin/cmake -E cmake_link_script CMakeFiles/cmTC_b9edd.dir/link.txt --verbose=1
/usr/local/package/bin/gcc11      CMakeFiles/cmTC_b9edd.dir/CheckIncludeFile.c.o  -o cmTC_b9edd 
make[1]: Leaving directory '/project/archive-index/smehringer/raptor/util/CMakeFiles/CMakeTmp'



Determining if the include file range/v3/version.hpp exists passed with the following output:
Change Dir: /project/archive-index/smehringer/raptor/util/CMakeFiles/CMakeTmp

Run Build Command(s):/usr/bin/make cmTC_ba97a/fast && /usr/bin/make -f CMakeFiles/cmTC_ba97a.dir/build.make CMakeFiles/cmTC_ba97a.dir/build
make[1]: Entering directory '/project/archive-index/smehringer/raptor/util/CMakeFiles/CMakeTmp'
Building CXX object CMakeFiles/cmTC_ba97a.dir/CheckIncludeFile.cxx.o
/usr/local/package/bin/g++11   -I/project/archive-index/smehringer/raptor/lib/seqan3/include -I/project/archive-index/smehringer/raptor/util/../lib/submodules/sdsl-lite/include -I/project/archive-index/smehringer/raptor/util/../lib/submodules/range-v3/include -I/project/archive-index/smehringer/raptor/util/../lib/submodules/lemon/include -I/project/archive-index/smehringer/raptor/util/../lib/submodules/cereal/include   -o CMakeFiles/cmTC_ba97a.dir/CheckIncludeFile.cxx.o -c /project/archive-index/smehringer/raptor/util/CMakeFiles/CMakeTmp/CheckIncludeFile.cxx
Linking CXX executable cmTC_ba97a
/usr/bin/cmake -E cmake_link_script CMakeFiles/cmTC_ba97a.dir/link.txt --verbose=1
/usr/local/package/bin/g++11       CMakeFiles/cmTC_ba97a.dir/CheckIncludeFile.cxx.o  -o cmTC_ba97a 
make[1]: Leaving directory '/project/archive-index/smehringer/raptor/util/CMakeFiles/CMakeTmp'



Determining if the include file sdsl/version.hpp exists passed with the following output:
Change Dir: /project/archive-index/smehringer/raptor/util/CMakeFiles/CMakeTmp

Run Build Command(s):/usr/bin/make cmTC_54a74/fast && /usr/bin/make -f CMakeFiles/cmTC_54a74.dir/build.make CMakeFiles/cmTC_54a74.dir/build
make[1]: Entering directory '/project/archive-index/smehringer/raptor/util/CMakeFiles/CMakeTmp'
Building CXX object CMakeFiles/cmTC_54a74.dir/CheckIncludeFile.cxx.o
/usr/local/package/bin/g++11   -I/project/archive-index/smehringer/raptor/lib/seqan3/include -I/project/archive-index/smehringer/raptor/util/../lib/submodules/sdsl-lite/include -I/project/archive-index/smehringer/raptor/util/../lib/submodules/range-v3/include -I/project/archive-index/smehringer/raptor/util/../lib/submodules/lemon/include -I/project/archive-index/smehringer/raptor/util/../lib/submodules/cereal/include   -o CMakeFiles/cmTC_54a74.dir/CheckIncludeFile.cxx.o -c /project/archive-index/smehringer/raptor/util/CMakeFiles/CMakeTmp/CheckIncludeFile.cxx
Linking CXX executable cmTC_54a74
/usr/bin/cmake -E cmake_link_script CMakeFiles/cmTC_54a74.dir/link.txt --verbose=1
/usr/local/package/bin/g++11       CMakeFiles/cmTC_54a74.dir/CheckIncludeFile.cxx.o  -o cmTC_54a74 
make[1]: Leaving directory '/project/archive-index/smehringer/raptor/util/CMakeFiles/CMakeTmp'



Determining if the include file cereal/cereal.hpp exists passed with the following output:
Change Dir: /project/archive-index/smehringer/raptor/util/CMakeFiles/CMakeTmp

Run Build Command(s):/usr/bin/make cmTC_cf6bc/fast && /usr/bin/make -f CMakeFiles/cmTC_cf6bc.dir/build.make CMakeFiles/cmTC_cf6bc.dir/build
make[1]: Entering directory '/project/archive-index/smehringer/raptor/util/CMakeFiles/CMakeTmp'
Building CXX object CMakeFiles/cmTC_cf6bc.dir/CheckIncludeFile.cxx.o
/usr/local/package/bin/g++11   -I/project/archive-index/smehringer/raptor/lib/seqan3/include -I/project/archive-index/smehringer/raptor/util/../lib/submodules/sdsl-lite/include -I/project/archive-index/smehringer/raptor/util/../lib/submodules/range-v3/include -I/project/archive-index/smehringer/raptor/util/../lib/submodules/lemon/include -I/project/archive-index/smehringer/raptor/util/../lib/submodules/cereal/include   -o CMakeFiles/cmTC_cf6bc.dir/CheckIncludeFile.cxx.o -c /project/archive-index/smehringer/raptor/util/CMakeFiles/CMakeTmp/CheckIncludeFile.cxx
Linking CXX executable cmTC_cf6bc
/usr/bin/cmake -E cmake_link_script CMakeFiles/cmTC_cf6bc.dir/link.txt --verbose=1
/usr/local/package/bin/g++11       CMakeFiles/cmTC_cf6bc.dir/CheckIncludeFile.cxx.o  -o cmTC_cf6bc 
make[1]: Leaving directory '/project/archive-index/smehringer/raptor/util/CMakeFiles/CMakeTmp'



Determining if the include file lemon/config.h exists passed with the following output:
Change Dir: /project/archive-index/smehringer/raptor/util/CMakeFiles/CMakeTmp

Run Build Command(s):/usr/bin/make cmTC_9dfe0/fast && /usr/bin/make -f CMakeFiles/cmTC_9dfe0.dir/build.make CMakeFiles/cmTC_9dfe0.dir/build
make[1]: Entering directory '/project/archive-index/smehringer/raptor/util/CMakeFiles/CMakeTmp'
Building CXX object CMakeFiles/cmTC_9dfe0.dir/CheckIncludeFile.cxx.o
/usr/local/package/bin/g++11   -I/project/archive-index/smehringer/raptor/lib/seqan3/include -I/project/archive-index/smehringer/raptor/util/../lib/submodules/sdsl-lite/include -I/project/archive-index/smehringer/raptor/util/../lib/submodules/range-v3/include -I/project/archive-index/smehringer/raptor/util/../lib/submodules/lemon/include -I/project/archive-index/smehringer/raptor/util/../lib/submodules/cereal/include   -o CMakeFiles/cmTC_9dfe0.dir/CheckIncludeFile.cxx.o -c /project/archive-index/smehringer/raptor/util/CMakeFiles/CMakeTmp/CheckIncludeFile.cxx
Linking CXX executable cmTC_9dfe0
/usr/bin/cmake -E cmake_link_script CMakeFiles/cmTC_9dfe0.dir/link.txt --verbose=1
/usr/local/package/bin/g++11       CMakeFiles/cmTC_9dfe0.dir/CheckIncludeFile.cxx.o  -o cmTC_9dfe0 
make[1]: Leaving directory '/project/archive-index/smehringer/raptor/util/CMakeFiles/CMakeTmp'



Determining if the BZ2_bzCompressInit exist passed with the following output:
Change Dir: /project/archive-index/smehringer/raptor/util/CMakeFiles/CMakeTmp

Run Build Command(s):/usr/bin/make cmTC_dbd7a/fast && /usr/bin/make -f CMakeFiles/cmTC_dbd7a.dir/build.make CMakeFiles/cmTC_dbd7a.dir/build
make[1]: Entering directory '/project/archive-index/smehringer/raptor/util/CMakeFiles/CMakeTmp'
Building C object CMakeFiles/cmTC_dbd7a.dir/CheckSymbolExists.c.o
/usr/local/package/bin/gcc11    -o CMakeFiles/cmTC_dbd7a.dir/CheckSymbolExists.c.o   -c /project/archive-index/smehringer/raptor/util/CMakeFiles/CMakeTmp/CheckSymbolExists.c
Linking C executable cmTC_dbd7a
/usr/bin/cmake -E cmake_link_script CMakeFiles/cmTC_dbd7a.dir/link.txt --verbose=1
/usr/local/package/bin/gcc11      CMakeFiles/cmTC_dbd7a.dir/CheckSymbolExists.c.o  -o cmTC_dbd7a  /usr/lib/libbz2.so 
make[1]: Leaving directory '/project/archive-index/smehringer/raptor/util/CMakeFiles/CMakeTmp'


File /project/archive-index/smehringer/raptor/util/CMakeFiles/CMakeTmp/CheckSymbolExists.c:
/* */
#include <bzlib.h>

int main(int argc, char** argv)
{
  (void)argv;
#ifndef BZ2_bzCompressInit
  return ((int*)(&BZ2_bzCompressInit))[argc];
#else
  (void)argc;
  return 0;
#endif
}
Determining if the include file execinfo.h exists passed with the following output:
Change Dir: /project/archive-index/smehringer/raptor/util/CMakeFiles/CMakeTmp

Run Build Command(s):/usr/bin/make cmTC_e8b74/fast && /usr/bin/make -f CMakeFiles/cmTC_e8b74.dir/build.make CMakeFiles/cmTC_e8b74.dir/build
make[1]: Entering directory '/project/archive-index/smehringer/raptor/util/CMakeFiles/CMakeTmp'
Building CXX object CMakeFiles/cmTC_e8b74.dir/CheckIncludeFile.cxx.o
/usr/local/package/bin/g++11   -I/project/archive-index/smehringer/raptor/lib/seqan3/include -I/project/archive-index/smehringer/raptor/util/../lib/submodules/sdsl-lite/include -I/project/archive-index/smehringer/raptor/util/../lib/submodules/range-v3/include -I/project/archive-index/smehringer/raptor/util/../lib/submodules/lemon/include -I/project/archive-index/smehringer/raptor/util/../lib/submodules/cereal/include   -o CMakeFiles/cmTC_e8b74.dir/CheckIncludeFile.cxx.o -c /project/archive-index/smehringer/raptor/util/CMakeFiles/CMakeTmp/CheckIncludeFile.cxx
Linking CXX executable cmTC_e8b74
/usr/bin/cmake -E cmake_link_script CMakeFiles/cmTC_e8b74.dir/link.txt --verbose=1
/usr/local/package/bin/g++11       CMakeFiles/cmTC_e8b74.dir/CheckIncludeFile.cxx.o  -o cmTC_e8b74 
make[1]: Leaving directory '/project/archive-index/smehringer/raptor/util/CMakeFiles/CMakeTmp'



